<?xml version="1.0" encoding="UTF-8"?>
<!-- Generated by org.testng.reporters.JUnitXMLReporter -->
<testsuite ignored="0" hostname="Tahmina" failures="0" tests="3" name="Default test" time="0.039" errors="0" timestamp="2023-12-27T18:57:35 EST">
  <testcase classname="com.testng.practice.TestNGPractice" name="getPayment" time="0.004"/>
  <testcase classname="com.testng.practice.TestNGPractice" name="getProduct" time="0.001"/>
  <testcase classname="com.testng.practice.TestNGPractice" name="getlogin" time="0.001"/>
</testsuite> <!-- Default test -->
