<?xml version="1.0" encoding="UTF-8"?>
<testng-results ignored="0" total="3" passed="3" failed="0" skipped="0">
  <reporter-output>
  </reporter-output>
  <suite started-at="2023-12-27T18:57:35 EST" name="Default suite" finished-at="2023-12-27T18:57:35 EST" duration-ms="39">
    <groups>
    </groups>
    <test started-at="2023-12-27T18:57:35 EST" name="Default test" finished-at="2023-12-27T18:57:35 EST" duration-ms="39">
      <class name="com.testng.practice.TestNGPractice">
        <test-method is-config="true" signature="beforeSuite()[pri:0, instance:com.testng.practice.TestNGPractice@242b836]" started-at="2023-12-27T18:57:35 EST" name="beforeSuite" finished-at="2023-12-27T18:57:35 EST" duration-ms="10" status="PASS">
          <reporter-output>
          </reporter-output>
        </test-method> <!-- beforeSuite -->
        <test-method is-config="true" signature="setup()[pri:0, instance:com.testng.practice.TestNGPractice@242b836]" started-at="2023-12-27T18:57:35 EST" name="setup" finished-at="2023-12-27T18:57:35 EST" duration-ms="1" status="PASS">
          <reporter-output>
          </reporter-output>
        </test-method> <!-- setup -->
        <test-method is-config="true" signature="beforeClass()[pri:0, instance:com.testng.practice.TestNGPractice@242b836]" started-at="2023-12-27T18:57:35 EST" name="beforeClass" finished-at="2023-12-27T18:57:35 EST" duration-ms="0" status="PASS">
          <reporter-output>
          </reporter-output>
        </test-method> <!-- beforeClass -->
        <test-method is-config="true" signature="beforeMethod()[pri:0, instance:com.testng.practice.TestNGPractice@242b836]" started-at="2023-12-27T18:57:35 EST" name="beforeMethod" finished-at="2023-12-27T18:57:35 EST" duration-ms="1" status="PASS">
          <reporter-output>
          </reporter-output>
        </test-method> <!-- beforeMethod -->
        <test-method signature="getPayment()[pri:0, instance:com.testng.practice.TestNGPractice@242b836]" started-at="2023-12-27T18:57:35 EST" name="getPayment" finished-at="2023-12-27T18:57:35 EST" duration-ms="4" status="PASS">
          <reporter-output>
          </reporter-output>
        </test-method> <!-- getPayment -->
        <test-method is-config="true" signature="afterMethod()[pri:0, instance:com.testng.practice.TestNGPractice@242b836]" started-at="2023-12-27T18:57:35 EST" name="afterMethod" finished-at="2023-12-27T18:57:35 EST" duration-ms="0" status="PASS">
          <reporter-output>
          </reporter-output>
        </test-method> <!-- afterMethod -->
        <test-method signature="getProduct()[pri:0, instance:com.testng.practice.TestNGPractice@242b836]" started-at="2023-12-27T18:57:35 EST" name="getProduct" finished-at="2023-12-27T18:57:35 EST" duration-ms="1" status="PASS">
          <reporter-output>
          </reporter-output>
        </test-method> <!-- getProduct -->
        <test-method is-config="true" signature="beforeMethod()[pri:0, instance:com.testng.practice.TestNGPractice@242b836]" started-at="2023-12-27T18:57:35 EST" name="beforeMethod" finished-at="2023-12-27T18:57:35 EST" duration-ms="0" status="PASS">
          <reporter-output>
          </reporter-output>
        </test-method> <!-- beforeMethod -->
        <test-method is-config="true" signature="afterMethod()[pri:0, instance:com.testng.practice.TestNGPractice@242b836]" started-at="2023-12-27T18:57:35 EST" name="afterMethod" finished-at="2023-12-27T18:57:35 EST" duration-ms="0" status="PASS">
          <reporter-output>
          </reporter-output>
        </test-method> <!-- afterMethod -->
        <test-method signature="getlogin()[pri:0, instance:com.testng.practice.TestNGPractice@242b836]" started-at="2023-12-27T18:57:35 EST" name="getlogin" finished-at="2023-12-27T18:57:35 EST" duration-ms="1" status="PASS">
          <reporter-output>
          </reporter-output>
        </test-method> <!-- getlogin -->
        <test-method is-config="true" signature="beforeMethod()[pri:0, instance:com.testng.practice.TestNGPractice@242b836]" started-at="2023-12-27T18:57:35 EST" name="beforeMethod" finished-at="2023-12-27T18:57:35 EST" duration-ms="0" status="PASS">
          <reporter-output>
          </reporter-output>
        </test-method> <!-- beforeMethod -->
        <test-method is-config="true" signature="afterMethod()[pri:0, instance:com.testng.practice.TestNGPractice@242b836]" started-at="2023-12-27T18:57:35 EST" name="afterMethod" finished-at="2023-12-27T18:57:35 EST" duration-ms="1" status="PASS">
          <reporter-output>
          </reporter-output>
        </test-method> <!-- afterMethod -->
        <test-method is-config="true" signature="afterClass()[pri:0, instance:com.testng.practice.TestNGPractice@242b836]" started-at="2023-12-27T18:57:35 EST" name="afterClass" finished-at="2023-12-27T18:57:35 EST" duration-ms="0" status="PASS">
          <reporter-output>
          </reporter-output>
        </test-method> <!-- afterClass -->
        <test-method is-config="true" signature="teardown()[pri:0, instance:com.testng.practice.TestNGPractice@242b836]" started-at="2023-12-27T18:57:35 EST" name="teardown" finished-at="2023-12-27T18:57:35 EST" duration-ms="0" status="PASS">
          <reporter-output>
          </reporter-output>
        </test-method> <!-- teardown -->
        <test-method is-config="true" signature="afterSuite()[pri:0, instance:com.testng.practice.TestNGPractice@242b836]" started-at="2023-12-27T18:57:35 EST" name="afterSuite" finished-at="2023-12-27T18:57:35 EST" duration-ms="0" status="PASS">
          <reporter-output>
          </reporter-output>
        </test-method> <!-- afterSuite -->
      </class> <!-- com.testng.practice.TestNGPractice -->
    </test> <!-- Default test -->
  </suite> <!-- Default suite -->
</testng-results>
